Using pre-set license
Built from '2020.2/release' branch; Version is '2020.2.4f1 (becced5a802b) revision 12504301'; Using compiler version '192528614'; Build Type 'Release'
OS: 'Windows 10 Home; OS build 19042.867; Version 2009; 64bit' Language: 'en' Physical Memory: 16230 MB
BatchMode: 1, IsHumanControllingUs: 0, StartBugReporterOnCrash: 0, Is64bit: 1, IsPro: 0

 COMMAND LINE ARGUMENTS:
C:\Program Files\Unity\Hub\Editor\2020.2.4f1\Editor\Unity.exe
-adb2
-batchMode
-noUpm
-name
AssetImportWorker0
-projectPath
D:/UnityProjects/2D/TowerUp
-logFile
Logs/AssetImportWorker0.log
-srvPort
1088
Successfully changed project path to: D:/UnityProjects/2D/TowerUp
D:/UnityProjects/2D/TowerUp
Using Asset Import Pipeline V2.
Refreshing native plugins compatible for Editor in 58.88 ms, found 1 plugins.
Preloading 0 native plugins for Editor in 0.00 ms.
Initialize engine version: 2020.2.4f1 (becced5a802b)
[Subsystems] Discovering subsystems at path C:/Program Files/Unity/Hub/Editor/2020.2.4f1/Editor/Data/Resources/UnitySubsystems
[Subsystems] Discovering subsystems at path D:/UnityProjects/2D/TowerUp/Assets
GfxDevice: creating device client; threaded=0
Direct3D:
    Version:  Direct3D 11.0 [level 11.1]
    Renderer: NVIDIA GeForce GTX 1650 with Max-Q Design (ID=0x1f91)
    Vendor:   
    VRAM:     3962 MB
    Driver:   27.21.14.6589
Initialize mono
Mono path[0] = 'C:/Program Files/Unity/Hub/Editor/2020.2.4f1/Editor/Data/Managed'
Mono path[1] = 'C:/Program Files/Unity/Hub/Editor/2020.2.4f1/Editor/Data/MonoBleedingEdge/lib/mono/unityjit'
Mono config path = 'C:/Program Files/Unity/Hub/Editor/2020.2.4f1/Editor/Data/MonoBleedingEdge/etc'
Using monoOptions --debugger-agent=transport=dt_socket,embedding=1,server=y,suspend=n,address=127.0.0.1:56972
Begin MonoManager ReloadAssembly
Registering precompiled unity dll's ...
Register platform support module: C:/Program Files/Unity/Hub/Editor/2020.2.4f1/Editor/Data/PlaybackEngines/WebGLSupport/UnityEditor.WebGL.Extensions.dll
Register platform support module: C:/Program Files/Unity/Hub/Editor/2020.2.4f1/Editor/Data/PlaybackEngines/WindowsStandaloneSupport/UnityEditor.WindowsStandalone.Extensions.dll
Registered in 0.002523 seconds.
Native extension for WindowsStandalone target not found
Native extension for WebGL target not found
Refreshing native plugins compatible for Editor in 38.32 ms, found 1 plugins.
Preloading 0 native plugins for Editor in 0.00 ms.
Invoked RoslynAnalysisRunner static constructor.
RoslynAnalysisRunner will not be running.
RoslynAnalysisRunner has terminated.
Mono: successfully reloaded assembly
- Completed reload, in  2.161 seconds
Platform modules already initialized, skipping
Registering precompiled user dll's ...
Registered in 0.000655 seconds.
Begin MonoManager ReloadAssembly
Native extension for WindowsStandalone target not found
Native extension for WebGL target not found
Refreshing native plugins compatible for Editor in 41.90 ms, found 1 plugins.
Preloading 0 native plugins for Editor in 0.00 ms.
Invoked RoslynAnalysisRunner static constructor.
RoslynAnalysisRunner will not be running.
RoslynAnalysisRunner has terminated.
Mono: successfully reloaded assembly
- Completed reload, in  0.940 seconds
Platform modules already initialized, skipping
========================================================================
Worker process is ready to serve import requests
Launched and connected shader compiler UnityShaderCompiler.exe after 0.04 seconds
Refreshing native plugins compatible for Editor in 0.43 ms, found 1 plugins.
Preloading 0 native plugins for Editor in 0.00 ms.
Unloading 1937 Unused Serialized files (Serialized files now loaded: 0)
System memory in use before: 90.0 MB.
System memory in use after: 90.1 MB.

Unloading 32 unused Assets to reduce memory usage. Loaded Objects now: 2373.
Total: 2.085800 ms (FindLiveObjects: 0.219300 ms CreateObjectMapping: 0.126700 ms MarkObjects: 1.671600 ms  DeleteObjects: 0.066800 ms)

========================================================================
Received Import Request.
  path: Assets/Sprites/Egypt_Man_4.png
  artifactKey: Guid(b640228900ad41f4e8f4ba04298e9f3c) Importer(815301076,1909f56bfc062723c751e8b465ee728b)
Start importing Assets/Sprites/Egypt_Man_4.png using Guid(b640228900ad41f4e8f4ba04298e9f3c) Importer(815301076,1909f56bfc062723c751e8b465ee728b)  -> (artifact id: '16fa7b6cee1c80ea297ea84fb522e91e') in 0.115406 seconds
  Import took 0.119287 seconds .

========================================================================
Received Import Request.
  Time since last request: 13.685281 seconds.
  path: Assets/Sprites/Egypt_Man_4.png
  artifactKey: Guid(b640228900ad41f4e8f4ba04298e9f3c) Importer(815301076,1909f56bfc062723c751e8b465ee728b)
Start importing Assets/Sprites/Egypt_Man_4.png using Guid(b640228900ad41f4e8f4ba04298e9f3c) Importer(815301076,1909f56bfc062723c751e8b465ee728b)  -> (artifact id: '82cf7047e725f3c0c690220eb6c8f715') in 0.013213 seconds
  Import took 0.016868 seconds .

========================================================================
Received Import Request.
  Time since last request: 2.102160 seconds.
  path: Assets/Sprites/Egypt_Man_2.png
  artifactKey: Guid(0b37bee744a6e6b4c8deda8499c06864) Importer(815301076,1909f56bfc062723c751e8b465ee728b)
Start importing Assets/Sprites/Egypt_Man_2.png using Guid(0b37bee744a6e6b4c8deda8499c06864) Importer(815301076,1909f56bfc062723c751e8b465ee728b)  -> (artifact id: 'a4734bc10564647743ba6b6d3aa76ff5') in 0.011993 seconds
  Import took 0.016468 seconds .

========================================================================
Received Import Request.
  Time since last request: 0.586169 seconds.
  path: Assets/Sprites/Egypt_Man_3.png
  artifactKey: Guid(8baad5a6574ce6a4e948987230dc9501) Importer(815301076,1909f56bfc062723c751e8b465ee728b)
Start importing Assets/Sprites/Egypt_Man_3.png using Guid(8baad5a6574ce6a4e948987230dc9501) Importer(815301076,1909f56bfc062723c751e8b465ee728b)  -> (artifact id: '10924fc2f778dc559e4c5b60ca2d5092') in 0.016326 seconds
  Import took 0.019824 seconds .

========================================================================
Received Import Request.
  Time since last request: 6.008706 seconds.
  path: Assets/Prefabs/ManEgypt 1.prefab
  artifactKey: Guid(44015bcba69187243b87ec55878a76bd) Importer(815301076,1909f56bfc062723c751e8b465ee728b)
Start importing Assets/Prefabs/ManEgypt 1.prefab using Guid(44015bcba69187243b87ec55878a76bd) Importer(815301076,1909f56bfc062723c751e8b465ee728b)  -> (artifact id: '695e5f454320c4cc64a8fe9dddd908d0') in 0.033545 seconds
  Import took 0.036765 seconds .

========================================================================
Received Import Request.
  Time since last request: 0.044595 seconds.
  path: Assets/Prefabs/ManEgypt 1.prefab
  artifactKey: Guid(44015bcba69187243b87ec55878a76bd) Importer(815301076,1909f56bfc062723c751e8b465ee728b)
Start importing Assets/Prefabs/ManEgypt 1.prefab using Guid(44015bcba69187243b87ec55878a76bd) Importer(815301076,1909f56bfc062723c751e8b465ee728b)  -> (artifact id: '695e5f454320c4cc64a8fe9dddd908d0') in 0.010637 seconds
  Import took 0.014626 seconds .

========================================================================
Received Import Request.
  Time since last request: 1.277451 seconds.
  path: Assets/Prefabs/ManEgypt 2.prefab
  artifactKey: Guid(506084884b798d746a3bbf54c97929fc) Importer(815301076,1909f56bfc062723c751e8b465ee728b)
Start importing Assets/Prefabs/ManEgypt 2.prefab using Guid(506084884b798d746a3bbf54c97929fc) Importer(815301076,1909f56bfc062723c751e8b465ee728b)  -> (artifact id: '9e0e861a14d9ba3388f5e8122bca8620') in 0.010321 seconds
  Import took 0.013919 seconds .

========================================================================
Received Prepare
Registering precompiled user dll's ...
Registered in 0.000635 seconds.
Begin MonoManager ReloadAssembly
Native extension for WindowsStandalone target not found
Native extension for WebGL target not found
Refreshing native plugins compatible for Editor in 0.58 ms, found 1 plugins.
Preloading 0 native plugins for Editor in 0.00 ms.
Invoked RoslynAnalysisRunner static constructor.
RoslynAnalysisRunner will not be running.
RoslynAnalysisRunner has terminated.
Mono: successfully reloaded assembly
- Completed reload, in  0.826 seconds
Platform modules already initialized, skipping
Switching build target platform(5) subTarget(0) extendedPlatform(0) -> platform(13) subTarget(537395200) extendedPlatform(0)
Refreshing native plugins compatible for Editor in 0.48 ms, found 1 plugins.
Preloading 0 native plugins for Editor in 0.00 ms.
Unloading 1917 Unused Serialized files (Serialized files now loaded: 0)
System memory in use before: 91.5 MB.
System memory in use after: 91.6 MB.

Unloading 20 unused Assets to reduce memory usage. Loaded Objects now: 2391.
Total: 2.009500 ms (FindLiveObjects: 0.174400 ms CreateObjectMapping: 0.073200 ms MarkObjects: 1.744400 ms  DeleteObjects: 0.016500 ms)

AssetImportParameters requested are different than current active one (requested -> active):
  custom:graphics/normal-map-encoding: 01000000000000000000000000000000 -> 02000000000000000000000000000000
========================================================================
Received Import Request.
  Time since last request: 103.039916 seconds.
  path: Assets/Scripts/RockScript.cs
  artifactKey: Guid(fd89b7ede2881ba4a9059c54feeb60f2) Importer(815301076,1909f56bfc062723c751e8b465ee728b)
Start importing Assets/Scripts/RockScript.cs using Guid(fd89b7ede2881ba4a9059c54feeb60f2) Importer(815301076,1909f56bfc062723c751e8b465ee728b)  -> (artifact id: '9f012c4d3782f713363073730d47ad3d') in 0.009837 seconds
  Import took 0.013053 seconds .

========================================================================
Received Import Request.
  Time since last request: 0.033742 seconds.
  path: Assets/Scripts/RockScript.cs
  artifactKey: Guid(fd89b7ede2881ba4a9059c54feeb60f2) Importer(815301076,1909f56bfc062723c751e8b465ee728b)
Start importing Assets/Scripts/RockScript.cs using Guid(fd89b7ede2881ba4a9059c54feeb60f2) Importer(815301076,1909f56bfc062723c751e8b465ee728b)  -> (artifact id: '9f012c4d3782f713363073730d47ad3d') in 0.001577 seconds
  Import took 0.004708 seconds .

========================================================================
Received Prepare
Registering precompiled user dll's ...
Registered in 0.000839 seconds.
Begin MonoManager ReloadAssembly
Native extension for WindowsStandalone target not found
Native extension for WebGL target not found
Refreshing native plugins compatible for Editor in 1.16 ms, found 1 plugins.
Preloading 0 native plugins for Editor in 0.00 ms.
Invoked RoslynAnalysisRunner static constructor.
RoslynAnalysisRunner will not be running.
RoslynAnalysisRunner has terminated.
Mono: successfully reloaded assembly
- Completed reload, in  2.328 seconds
Platform modules already initialized, skipping
Switching build target platform(5) subTarget(0) extendedPlatform(0) -> platform(13) subTarget(537395200) extendedPlatform(0)
Refreshing native plugins compatible for Editor in 1.16 ms, found 1 plugins.
Preloading 0 native plugins for Editor in 0.00 ms.
Unloading 1917 Unused Serialized files (Serialized files now loaded: 0)
System memory in use before: 91.5 MB.
System memory in use after: 91.6 MB.

Unloading 20 unused Assets to reduce memory usage. Loaded Objects now: 2395.
Total: 5.301000 ms (FindLiveObjects: 0.427800 ms CreateObjectMapping: 0.333800 ms MarkObjects: 4.488000 ms  DeleteObjects: 0.048000 ms)

AssetImportParameters requested are different than current active one (requested -> active):
  custom:graphics/normal-map-encoding: 01000000000000000000000000000000 -> 02000000000000000000000000000000
========================================================================
Received Prepare
Registering precompiled user dll's ...
Registered in 0.000745 seconds.
Begin MonoManager ReloadAssembly
Native extension for WindowsStandalone target not found
Native extension for WebGL target not found
Refreshing native plugins compatible for Editor in 1.25 ms, found 1 plugins.
Preloading 0 native plugins for Editor in 0.00 ms.
Invoked RoslynAnalysisRunner static constructor.
RoslynAnalysisRunner will not be running.
RoslynAnalysisRunner has terminated.
Mono: successfully reloaded assembly
- Completed reload, in  1.573 seconds
Platform modules already initialized, skipping
Switching build target platform(5) subTarget(0) extendedPlatform(0) -> platform(13) subTarget(537395200) extendedPlatform(0)
Refreshing native plugins compatible for Editor in 0.71 ms, found 1 plugins.
Preloading 0 native plugins for Editor in 0.00 ms.
Unloading 1917 Unused Serialized files (Serialized files now loaded: 0)
System memory in use before: 91.5 MB.
System memory in use after: 91.7 MB.

Unloading 20 unused Assets to reduce memory usage. Loaded Objects now: 2399.
Total: 3.176700 ms (FindLiveObjects: 0.268900 ms CreateObjectMapping: 0.110900 ms MarkObjects: 2.767200 ms  DeleteObjects: 0.028300 ms)

AssetImportParameters requested are different than current active one (requested -> active):
  custom:graphics/normal-map-encoding: 01000000000000000000000000000000 -> 02000000000000000000000000000000
========================================================================
Received Prepare
Registering precompiled user dll's ...
Registered in 0.000779 seconds.
Begin MonoManager ReloadAssembly
Native extension for WindowsStandalone target not found
Native extension for WebGL target not found
Refreshing native plugins compatible for Editor in 0.60 ms, found 1 plugins.
Preloading 0 native plugins for Editor in 0.00 ms.
Invoked RoslynAnalysisRunner static constructor.
RoslynAnalysisRunner will not be running.
RoslynAnalysisRunner has terminated.
Mono: successfully reloaded assembly
- Completed reload, in  1.311 seconds
Platform modules already initialized, skipping
Switching build target platform(5) subTarget(0) extendedPlatform(0) -> platform(13) subTarget(537395200) extendedPlatform(0)
Refreshing native plugins compatible for Editor in 0.66 ms, found 1 plugins.
Preloading 0 native plugins for Editor in 0.00 ms.
Unloading 1917 Unused Serialized files (Serialized files now loaded: 0)
System memory in use before: 91.6 MB.
System memory in use after: 91.7 MB.

Unloading 20 unused Assets to reduce memory usage. Loaded Objects now: 2403.
Total: 2.429600 ms (FindLiveObjects: 0.310700 ms CreateObjectMapping: 0.177400 ms MarkObjects: 1.922700 ms  DeleteObjects: 0.017400 ms)

AssetImportParameters requested are different than current active one (requested -> active):
  custom:graphics/normal-map-encoding: 01000000000000000000000000000000 -> 02000000000000000000000000000000
========================================================================
Received Import Request.
  Time since last request: 666.696212 seconds.
  path: Assets/Prefabs/GroundEgypt.prefab
  artifactKey: Guid(e77e9d632aa5d334499b96e0bfc43053) Importer(815301076,1909f56bfc062723c751e8b465ee728b)
Start importing Assets/Prefabs/GroundEgypt.prefab using Guid(e77e9d632aa5d334499b96e0bfc43053) Importer(815301076,1909f56bfc062723c751e8b465ee728b)  -> (artifact id: '8588dbb73b516cd4b26dbb6cb7332c8c') in 0.056094 seconds
  Import took 0.059463 seconds .

========================================================================
Received Import Request.
  Time since last request: 1.078194 seconds.
  path: Assets/Prefabs/GroundEgypt 1.prefab
  artifactKey: Guid(587749ba989396d4ab5cb001478e8a18) Importer(815301076,1909f56bfc062723c751e8b465ee728b)
Start importing Assets/Prefabs/GroundEgypt 1.prefab using Guid(587749ba989396d4ab5cb001478e8a18) Importer(815301076,1909f56bfc062723c751e8b465ee728b)  -> (artifact id: 'cef3a501609c9b1fc32cf4f253b7b9b6') in 0.010077 seconds
  Import took 0.013191 seconds .

========================================================================
Received Import Request.
  Time since last request: 74.323774 seconds.
  path: Assets/Prefabs/GroundEgypt 1.prefab
  artifactKey: Guid(587749ba989396d4ab5cb001478e8a18) Importer(815301076,1909f56bfc062723c751e8b465ee728b)
Start importing Assets/Prefabs/GroundEgypt 1.prefab using Guid(587749ba989396d4ab5cb001478e8a18) Importer(815301076,1909f56bfc062723c751e8b465ee728b)  -> (artifact id: '343ee0ec78598f50a2726f55fc41a3b7') in 0.012350 seconds
  Import took 0.016026 seconds .

========================================================================
Received Import Request.
  Time since last request: 0.598151 seconds.
  path: Assets/Prefabs/GroundEgypt 2.prefab
  artifactKey: Guid(6c3fde1c1c619af4c8b136cbc06dda56) Importer(815301076,1909f56bfc062723c751e8b465ee728b)
Start importing Assets/Prefabs/GroundEgypt 2.prefab using Guid(6c3fde1c1c619af4c8b136cbc06dda56) Importer(815301076,1909f56bfc062723c751e8b465ee728b)  -> (artifact id: '320432fa011e486fcec5029b94533212') in 0.008681 seconds
  Import took 0.011818 seconds .

========================================================================
Received Import Request.
  Time since last request: 76.418724 seconds.
  path: Assets/Prefabs/GroundEgypt 2.prefab
  artifactKey: Guid(6c3fde1c1c619af4c8b136cbc06dda56) Importer(815301076,1909f56bfc062723c751e8b465ee728b)
Start importing Assets/Prefabs/GroundEgypt 2.prefab using Guid(6c3fde1c1c619af4c8b136cbc06dda56) Importer(815301076,1909f56bfc062723c751e8b465ee728b)  -> (artifact id: 'f0cb8e861ffa4fc7ae90a5c63cdd550e') in 0.010546 seconds
  Import took 0.013468 seconds .

========================================================================
Received Import Request.
  Time since last request: 14.721571 seconds.
  path: Assets/Prefabs/GroundEgypt 3.prefab
  artifactKey: Guid(b5bbeea0b018759408e954f68dd5bf3d) Importer(815301076,1909f56bfc062723c751e8b465ee728b)
Start importing Assets/Prefabs/GroundEgypt 3.prefab using Guid(b5bbeea0b018759408e954f68dd5bf3d) Importer(815301076,1909f56bfc062723c751e8b465ee728b)  -> (artifact id: '40e92a2fcef6a3c81269c63ac69a8be4') in 0.009773 seconds
  Import took 0.012625 seconds .

========================================================================
Received Prepare
Registering precompiled user dll's ...
Registered in 0.000717 seconds.
Begin MonoManager ReloadAssembly
Native extension for WindowsStandalone target not found
Native extension for WebGL target not found
Refreshing native plugins compatible for Editor in 0.42 ms, found 1 plugins.
Preloading 0 native plugins for Editor in 0.00 ms.
Invoked RoslynAnalysisRunner static constructor.
RoslynAnalysisRunner will not be running.
RoslynAnalysisRunner has terminated.
Mono: successfully reloaded assembly
- Completed reload, in  0.750 seconds
Platform modules already initialized, skipping
Switching build target platform(5) subTarget(0) extendedPlatform(0) -> platform(13) subTarget(537395200) extendedPlatform(0)
Refreshing native plugins compatible for Editor in 0.54 ms, found 1 plugins.
Preloading 0 native plugins for Editor in 0.00 ms.
Unloading 1917 Unused Serialized files (Serialized files now loaded: 0)
System memory in use before: 91.6 MB.
System memory in use after: 91.7 MB.

Unloading 20 unused Assets to reduce memory usage. Loaded Objects now: 2408.
Total: 1.607200 ms (FindLiveObjects: 0.135500 ms CreateObjectMapping: 0.051000 ms MarkObjects: 1.407200 ms  DeleteObjects: 0.012800 ms)

AssetImportParameters requested are different than current active one (requested -> active):
  custom:graphics/normal-map-encoding: 01000000000000000000000000000000 -> 02000000000000000000000000000000
========================================================================
Received Prepare
Registering precompiled user dll's ...
Registered in 0.000576 seconds.
Begin MonoManager ReloadAssembly
Native extension for WindowsStandalone target not found
Native extension for WebGL target not found
Refreshing native plugins compatible for Editor in 0.42 ms, found 1 plugins.
Preloading 0 native plugins for Editor in 0.00 ms.
Invoked RoslynAnalysisRunner static constructor.
RoslynAnalysisRunner will not be running.
RoslynAnalysisRunner has terminated.
Mono: successfully reloaded assembly
- Completed reload, in  0.750 seconds
Platform modules already initialized, skipping
Switching build target platform(5) subTarget(0) extendedPlatform(0) -> platform(13) subTarget(537395200) extendedPlatform(0)
Refreshing native plugins compatible for Editor in 0.41 ms, found 1 plugins.
Preloading 0 native plugins for Editor in 0.00 ms.
Unloading 1917 Unused Serialized files (Serialized files now loaded: 0)
System memory in use before: 91.6 MB.
System memory in use after: 91.7 MB.

Unloading 20 unused Assets to reduce memory usage. Loaded Objects now: 2412.
Total: 2.057100 ms (FindLiveObjects: 0.296600 ms CreateObjectMapping: 0.089600 ms MarkObjects: 1.613700 ms  DeleteObjects: 0.056400 ms)

AssetImportParameters requested are different than current active one (requested -> active):
  custom:graphics/normal-map-encoding: 01000000000000000000000000000000 -> 02000000000000000000000000000000
========================================================================
Received Import Request.
  Time since last request: 352.317957 seconds.
  path: Assets/Prefabs/GroundEgypt 1.prefab
  artifactKey: Guid(587749ba989396d4ab5cb001478e8a18) Importer(815301076,1909f56bfc062723c751e8b465ee728b)
Start importing Assets/Prefabs/GroundEgypt 1.prefab using Guid(587749ba989396d4ab5cb001478e8a18) Importer(815301076,1909f56bfc062723c751e8b465ee728b)  -> (artifact id: '08cb0869f0cea97eec0bfac2fd698f8c') in 0.048274 seconds
  Import took 0.051158 seconds .

========================================================================
Received Prepare
Registering precompiled user dll's ...
Registered in 0.000522 seconds.
Begin MonoManager ReloadAssembly
Native extension for WindowsStandalone target not found
Native extension for WebGL target not found
Refreshing native plugins compatible for Editor in 0.42 ms, found 1 plugins.
Preloading 0 native plugins for Editor in 0.00 ms.
Invoked RoslynAnalysisRunner static constructor.
RoslynAnalysisRunner will not be running.
RoslynAnalysisRunner has terminated.
Mono: successfully reloaded assembly
- Completed reload, in  0.749 seconds
Platform modules already initialized, skipping
Switching build target platform(5) subTarget(0) extendedPlatform(0) -> platform(13) subTarget(537395200) extendedPlatform(0)
Refreshing native plugins compatible for Editor in 0.41 ms, found 1 plugins.
Preloading 0 native plugins for Editor in 0.00 ms.
Unloading 1917 Unused Serialized files (Serialized files now loaded: 0)
System memory in use before: 91.6 MB.
System memory in use after: 91.7 MB.

Unloading 20 unused Assets to reduce memory usage. Loaded Objects now: 2417.
Total: 1.576900 ms (FindLiveObjects: 0.148900 ms CreateObjectMapping: 0.059100 ms MarkObjects: 1.355100 ms  DeleteObjects: 0.013000 ms)

AssetImportParameters requested are different than current active one (requested -> active):
  custom:graphics/normal-map-encoding: 01000000000000000000000000000000 -> 02000000000000000000000000000000
========================================================================
Received Import Request.
  Time since last request: 121.549809 seconds.
  path: Assets/Prefabs/GroundEgypt 3.prefab
  artifactKey: Guid(b5bbeea0b018759408e954f68dd5bf3d) Importer(815301076,1909f56bfc062723c751e8b465ee728b)
Start importing Assets/Prefabs/GroundEgypt 3.prefab using Guid(b5bbeea0b018759408e954f68dd5bf3d) Importer(815301076,1909f56bfc062723c751e8b465ee728b)  -> (artifact id: '5715e1a3afaf65e521bc75b5e47970c0') in 0.047590 seconds
  Import took 0.051142 seconds .

========================================================================
Received Import Request.
  Time since last request: 4.161978 seconds.
  path: Assets/Prefabs/GroundEgypt 4.prefab
  artifactKey: Guid(cf489150c3d953c499a3474e24c1f911) Importer(815301076,1909f56bfc062723c751e8b465ee728b)
Start importing Assets/Prefabs/GroundEgypt 4.prefab using Guid(cf489150c3d953c499a3474e24c1f911) Importer(815301076,1909f56bfc062723c751e8b465ee728b)  -> (artifact id: '22b500d585d1711e95a435a84beebe14') in 0.009936 seconds
  Import took 0.013165 seconds .

========================================================================
Received Import Request.
  Time since last request: 216.201226 seconds.
  path: Assets/Prefabs/GroundEgypt 4.prefab
  artifactKey: Guid(cf489150c3d953c499a3474e24c1f911) Importer(815301076,1909f56bfc062723c751e8b465ee728b)
Start importing Assets/Prefabs/GroundEgypt 4.prefab using Guid(cf489150c3d953c499a3474e24c1f911) Importer(815301076,1909f56bfc062723c751e8b465ee728b)  -> (artifact id: 'ff5d57ec0b6af51d8654f43a3cbc91f4') in 0.013463 seconds
  Import took 0.016666 seconds .

========================================================================
Received Prepare
Registering precompiled user dll's ...
Registered in 0.000616 seconds.
Begin MonoManager ReloadAssembly
Native extension for WindowsStandalone target not found
Native extension for WebGL target not found
Refreshing native plugins compatible for Editor in 0.41 ms, found 1 plugins.
Preloading 0 native plugins for Editor in 0.00 ms.
Invoked RoslynAnalysisRunner static constructor.
RoslynAnalysisRunner will not be running.
RoslynAnalysisRunner has terminated.
Mono: successfully reloaded assembly
- Completed reload, in  0.832 seconds
Platform modules already initialized, skipping
Switching build target platform(5) subTarget(0) extendedPlatform(0) -> platform(13) subTarget(537395200) extendedPlatform(0)
Refreshing native plugins compatible for Editor in 0.43 ms, found 1 plugins.
Preloading 0 native plugins for Editor in 0.00 ms.
Unloading 1917 Unused Serialized files (Serialized files now loaded: 0)
System memory in use before: 91.6 MB.
System memory in use after: 91.8 MB.

Unloading 20 unused Assets to reduce memory usage. Loaded Objects now: 2422.
Total: 2.270200 ms (FindLiveObjects: 0.189700 ms CreateObjectMapping: 0.108900 ms MarkObjects: 1.937600 ms  DeleteObjects: 0.032900 ms)

AssetImportParameters requested are different than current active one (requested -> active):
  custom:graphics/normal-map-encoding: 01000000000000000000000000000000 -> 02000000000000000000000000000000
========================================================================
Received Prepare
Registering precompiled user dll's ...
Registered in 0.000733 seconds.
Begin MonoManager ReloadAssembly
Native extension for WindowsStandalone target not found
Native extension for WebGL target not found
Refreshing native plugins compatible for Editor in 0.44 ms, found 1 plugins.
Preloading 0 native plugins for Editor in 0.00 ms.
Invoked RoslynAnalysisRunner static constructor.
RoslynAnalysisRunner will not be running.
RoslynAnalysisRunner has terminated.
Mono: successfully reloaded assembly
- Completed reload, in  0.774 seconds
Platform modules already initialized, skipping
Switching build target platform(5) subTarget(0) extendedPlatform(0) -> platform(13) subTarget(537395200) extendedPlatform(0)
Refreshing native plugins compatible for Editor in 0.47 ms, found 1 plugins.
Preloading 0 native plugins for Editor in 0.00 ms.
Unloading 1917 Unused Serialized files (Serialized files now loaded: 0)
System memory in use before: 91.6 MB.
System memory in use after: 91.8 MB.

Unloading 20 unused Assets to reduce memory usage. Loaded Objects now: 2426.
Total: 1.957500 ms (FindLiveObjects: 0.256500 ms CreateObjectMapping: 0.102000 ms MarkObjects: 1.584400 ms  DeleteObjects: 0.013700 ms)

AssetImportParameters requested are different than current active one (requested -> active):
  custom:graphics/normal-map-encoding: 01000000000000000000000000000000 -> 02000000000000000000000000000000
========================================================================
Received Prepare
Registering precompiled user dll's ...
Registered in 0.000651 seconds.
Begin MonoManager ReloadAssembly
Native extension for WindowsStandalone target not found
Native extension for WebGL target not found
Refreshing native plugins compatible for Editor in 0.43 ms, found 1 plugins.
Preloading 0 native plugins for Editor in 0.00 ms.
Invoked RoslynAnalysisRunner static constructor.
RoslynAnalysisRunner will not be running.
RoslynAnalysisRunner has terminated.
Mono: successfully reloaded assembly
- Completed reload, in  0.798 seconds
Platform modules already initialized, skipping
Switching build target platform(5) subTarget(0) extendedPlatform(0) -> platform(13) subTarget(537395200) extendedPlatform(0)
Refreshing native plugins compatible for Editor in 0.43 ms, found 1 plugins.
Preloading 0 native plugins for Editor in 0.00 ms.
Unloading 1917 Unused Serialized files (Serialized files now loaded: 0)
System memory in use before: 91.7 MB.
System memory in use after: 91.8 MB.

Unloading 20 unused Assets to reduce memory usage. Loaded Objects now: 2430.
Total: 2.051400 ms (FindLiveObjects: 0.201100 ms CreateObjectMapping: 0.070100 ms MarkObjects: 1.741700 ms  DeleteObjects: 0.037600 ms)

AssetImportParameters requested are different than current active one (requested -> active):
  custom:graphics/normal-map-encoding: 01000000000000000000000000000000 -> 02000000000000000000000000000000
========================================================================
Received Prepare
Registering precompiled user dll's ...
Registered in 0.000677 seconds.
Begin MonoManager ReloadAssembly
Native extension for WindowsStandalone target not found
Native extension for WebGL target not found
Refreshing native plugins compatible for Editor in 0.43 ms, found 1 plugins.
Preloading 0 native plugins for Editor in 0.00 ms.
Invoked RoslynAnalysisRunner static constructor.
RoslynAnalysisRunner will not be running.
RoslynAnalysisRunner has terminated.
Mono: successfully reloaded assembly
- Completed reload, in  0.804 seconds
Platform modules already initialized, skipping
Switching build target platform(5) subTarget(0) extendedPlatform(0) -> platform(13) subTarget(537395200) extendedPlatform(0)
Refreshing native plugins compatible for Editor in 0.47 ms, found 1 plugins.
Preloading 0 native plugins for Editor in 0.00 ms.
Unloading 1917 Unused Serialized files (Serialized files now loaded: 0)
System memory in use before: 91.7 MB.
System memory in use after: 91.8 MB.

Unloading 20 unused Assets to reduce memory usage. Loaded Objects now: 2434.
Total: 1.880700 ms (FindLiveObjects: 0.171300 ms CreateObjectMapping: 0.070400 ms MarkObjects: 1.623400 ms  DeleteObjects: 0.014900 ms)

AssetImportParameters requested are different than current active one (requested -> active):
  custom:graphics/normal-map-encoding: 01000000000000000000000000000000 -> 02000000000000000000000000000000
========================================================================
Received Prepare
Refreshing native plugins compatible for Editor in 3.05 ms, found 1 plugins.
Preloading 0 native plugins for Editor in 0.00 ms.
Unloading 18 Unused Serialized files (Serialized files now loaded: 0)
System memory in use before: 54.5 MB.
System memory in use after: 54.6 MB.

Unloading 18 unused Assets to reduce memory usage. Loaded Objects now: 2434.
Total: 1.957200 ms (FindLiveObjects: 0.212000 ms CreateObjectMapping: 0.072400 ms MarkObjects: 1.658300 ms  DeleteObjects: 0.013400 ms)

AssetImportWorkerClient::OnTransportError - code=2 error=End of file
